<?xml version="1.0" encoding="UTF-8"?>
<!-- Generated by org.testng.reporters.JUnitXMLReporter -->
<testsuite ignored="7" hostname="DESKTOP-H1QA97K" failures="0" tests="7" name="Test" time="37.194" errors="0" timestamp="2024-02-05T12:37:27 IST">
  <testcase classname="CID_Common_Function.CID_Runner" name="Existing_customer" time="4.165"/>
  <testcase classname="CID_Common_Function.CID_Runner" name="Existing_customer" time="0.796"/>
  <testcase classname="CID_Common_Function.CID_Runner" name="Existing_customer" time="2.194"/>
  <testcase classname="CID_Common_Function.CID_Runner" name="Existing_customer" time="0.858"/>
  <testcase classname="CID_Common_Function.CID_Runner" name="Existing_customer" time="0.764"/>
  <testcase classname="CID_Common_Function.CID_Runner" name="Existing_customer" time="10.826"/>
  <testcase classname="CID_Common_Function.CID_Runner" name="Existing_customer" time="17.287"/>
  <testcase classname="CID_Common_Function.CID_Runner" name="Negative_Testing" time="0.0">
    <ignored/>
  </testcase> <!-- Negative_Testing -->
  <testcase classname="CID_Common_Function.CID_Runner" name="payment_Confirmation" time="0.0">
    <ignored/>
  </testcase> <!-- payment_Confirmation -->
  <testcase classname="CID_Common_Function.CID_Runner" name="Customer_Signup" time="0.0">
    <ignored/>
  </testcase> <!-- Customer_Signup -->
  <testcase classname="CID_Common_Function.CID_Runner" name="purchase_scoreReport" time="0.0">
    <ignored/>
  </testcase> <!-- purchase_scoreReport -->
  <testcase classname="CID_Common_Function.CID_Runner" name="View_PDF" time="0.0">
    <ignored/>
  </testcase> <!-- View_PDF -->
  <testcase classname="CID_Common_Function.CID_Baseclass" name="@BeforeSuite setUpSuite" time="0.0">
    <ignored/>
  </testcase> <!-- @BeforeSuite setUpSuite -->
  <testcase classname="CID_Common_Function.CID_Baseclass" name="@AfterSuite afterSuite" time="0.0">
    <ignored/>
  </testcase> <!-- @AfterSuite afterSuite -->
</testsuite> <!-- Test -->
