<?xml version="1.0" encoding="UTF-8"?>
<!-- Generated by org.testng.reporters.JUnitXMLReporter -->
<testsuite ignored="5" hostname="DESKTOP-H1QA97K" failures="0" tests="7" name="Default test" time="0.204" errors="0" timestamp="2024-01-31T14:58:42 IST">
  <testcase classname="CID_Common_Function.CID_Baseclass" name="@BeforeSuite setUpSuite" time="-1.706693322498E9">
    <failure type="org.testng.TestNGException" message="
Parameter &amp;apos;env&amp;apos; is required by BeforeSuite on method setUpSuite but has not been marked @Optional or defined
in C:\Users\Sheikumarali\AppData\Local\Temp\testng-eclipse--1087521458\testng-customsuite.xml">
      <![CDATA[org.testng.TestNGException: 
Parameter 'env' is required by BeforeSuite on method setUpSuite but has not been marked @Optional or defined
in C:\Users\Sheikumarali\AppData\Local\Temp\testng-eclipse--1087521458\testng-customsuite.xml
at org.testng.internal.Parameters.createParams(Parameters.java:270)
at org.testng.internal.Parameters.createParametersForMethod(Parameters.java:358)
at org.testng.internal.Parameters.createParameters(Parameters.java:700)
at org.testng.internal.Parameters.createConfigurationParameters(Parameters.java:168)
at org.testng.internal.ConfigInvoker.invokeConfigurations(ConfigInvoker.java:302)
at org.testng.SuiteRunner.privateRun(SuiteRunner.java:317)
at org.testng.SuiteRunner.run(SuiteRunner.java:276)
at org.testng.SuiteRunnerWorker.runSuite(SuiteRunnerWorker.java:53)
at org.testng.SuiteRunnerWorker.run(SuiteRunnerWorker.java:96)
at org.testng.TestNG.runSuitesSequentially(TestNG.java:1212)
at org.testng.TestNG.runSuitesLocally(TestNG.java:1134)
at org.testng.TestNG.runSuites(TestNG.java:1063)
at org.testng.TestNG.run(TestNG.java:1031)
at org.testng.remote.AbstractRemoteTestNG.run(AbstractRemoteTestNG.java:115)
at org.testng.remote.RemoteTestNG.initAndRun(RemoteTestNG.java:251)
at org.testng.remote.RemoteTestNG.main(RemoteTestNG.java:77)
]]>
    </failure>
  </testcase> <!-- @BeforeSuite setUpSuite -->
  <testcase classname="CID_Common_Function.CID_Baseclass" name="@BeforeMethod get_data" time="-1.706693322833E9">
    <skipped/>
  </testcase> <!-- @BeforeMethod get_data -->
  <testcase classname="CID_Common_Function.CID_Baseclass" name="@AfterMethod setUp" time="-1.706693322864E9">
    <skipped/>
  </testcase> <!-- @AfterMethod setUp -->
  <testcase classname="CID_Common_Function.CID_Baseclass" name="@BeforeMethod get_data" time="-1.706693322867E9">
    <skipped/>
  </testcase> <!-- @BeforeMethod get_data -->
  <testcase classname="CID_Common_Function.CID_Baseclass" name="@AfterMethod setUp" time="-1.706693322879E9">
    <skipped/>
  </testcase> <!-- @AfterMethod setUp -->
  <testcase classname="CID_Common_Function.CID_Baseclass" name="@BeforeMethod get_data" time="-1.706693322887E9">
    <skipped/>
  </testcase> <!-- @BeforeMethod get_data -->
  <testcase classname="CID_Common_Function.CID_Baseclass" name="@AfterMethod setUp" time="-1.7066933229E9">
    <skipped/>
  </testcase> <!-- @AfterMethod setUp -->
  <testcase classname="CID_Common_Function.CID_Baseclass" name="@BeforeMethod get_data" time="-1.706693322902E9">
    <skipped/>
  </testcase> <!-- @BeforeMethod get_data -->
  <testcase classname="CID_Common_Function.CID_Baseclass" name="@AfterMethod setUp" time="-1.706693322912E9">
    <skipped/>
  </testcase> <!-- @AfterMethod setUp -->
  <testcase classname="CID_Common_Function.CID_Baseclass" name="@BeforeMethod get_data" time="-1.706693322915E9">
    <skipped/>
  </testcase> <!-- @BeforeMethod get_data -->
  <testcase classname="CID_Common_Function.CID_Baseclass" name="@AfterMethod setUp" time="-1.706693322926E9">
    <skipped/>
  </testcase> <!-- @AfterMethod setUp -->
  <testcase classname="CID_Common_Function.CID_Baseclass" name="@BeforeMethod get_data" time="-1.706693322929E9">
    <skipped/>
  </testcase> <!-- @BeforeMethod get_data -->
  <testcase classname="CID_Common_Function.CID_Baseclass" name="@AfterMethod setUp" time="-1.706693322941E9">
    <skipped/>
  </testcase> <!-- @AfterMethod setUp -->
  <testcase classname="CID_Common_Function.CID_Baseclass" name="@BeforeMethod get_data" time="-1.706693322944E9">
    <skipped/>
  </testcase> <!-- @BeforeMethod get_data -->
  <testcase classname="CID_Common_Function.CID_Baseclass" name="@AfterMethod setUp" time="-1.706693322952E9">
    <skipped/>
  </testcase> <!-- @AfterMethod setUp -->
  <testcase classname="CID_Common_Function.CID_Runner" name="Existing_customer" time="0.0">
    <skipped/>
  </testcase> <!-- Existing_customer -->
  <testcase classname="CID_Common_Function.CID_Runner" name="Existing_customer" time="0.0">
    <skipped/>
  </testcase> <!-- Existing_customer -->
  <testcase classname="CID_Common_Function.CID_Runner" name="Existing_customer" time="0.0">
    <skipped/>
  </testcase> <!-- Existing_customer -->
  <testcase classname="CID_Common_Function.CID_Runner" name="Existing_customer" time="0.0">
    <skipped/>
  </testcase> <!-- Existing_customer -->
  <testcase classname="CID_Common_Function.CID_Runner" name="Existing_customer" time="0.0">
    <skipped/>
  </testcase> <!-- Existing_customer -->
  <testcase classname="CID_Common_Function.CID_Runner" name="Existing_customer" time="0.0">
    <skipped/>
  </testcase> <!-- Existing_customer -->
  <testcase classname="CID_Common_Function.CID_Runner" name="Existing_customer" time="0.0">
    <skipped/>
  </testcase> <!-- Existing_customer -->
  <testcase classname="CID_Common_Function.CID_Runner" name="Negative_Testing" time="0.0">
    <ignored/>
  </testcase> <!-- Negative_Testing -->
  <testcase classname="CID_Common_Function.CID_Runner" name="payment_Confirmation" time="0.0">
    <ignored/>
  </testcase> <!-- payment_Confirmation -->
  <testcase classname="CID_Common_Function.CID_Runner" name="Customer_Signup" time="0.0">
    <ignored/>
  </testcase> <!-- Customer_Signup -->
  <testcase classname="CID_Common_Function.CID_Runner" name="purchase_scoreReport" time="0.0">
    <ignored/>
  </testcase> <!-- purchase_scoreReport -->
  <testcase classname="CID_Common_Function.CID_Runner" name="View_PDF" time="0.0">
    <ignored/>
  </testcase> <!-- View_PDF -->
</testsuite> <!-- Default test -->
